{"name":"hexo","hostname":"codecat","pid":5928,"level":20,"msg":"Hexo version: 3.2.2","time":"2016-12-03T01:47:57.334Z","v":0}
{"name":"hexo","hostname":"codecat","pid":5928,"level":20,"msg":"Working directory: E:\\blog\\","time":"2016-12-03T01:47:57.336Z","v":0}
{"name":"hexo","hostname":"codecat","pid":5928,"level":20,"msg":"Config loaded: E:\\blog\\_config.yml","time":"2016-12-03T01:47:59.473Z","v":0}
{"name":"hexo","hostname":"codecat","pid":5928,"level":20,"msg":"Plugin loaded: hexo-generator-archive","time":"2016-12-03T01:47:59.790Z","v":0}
{"name":"hexo","hostname":"codecat","pid":5928,"level":20,"msg":"Plugin loaded: hexo-generator-index","time":"2016-12-03T01:47:59.866Z","v":0}
{"name":"hexo","hostname":"codecat","pid":5928,"level":20,"msg":"Plugin loaded: hexo-generator-category","time":"2016-12-03T01:47:59.895Z","v":0}
{"name":"hexo","hostname":"codecat","pid":5928,"level":20,"msg":"Plugin loaded: hexo-renderer-stylus","time":"2016-12-03T01:47:59.940Z","v":0}
{"name":"hexo","hostname":"codecat","pid":5928,"level":20,"msg":"Plugin loaded: hexo-generator-tag","time":"2016-12-03T01:47:59.954Z","v":0}
{"name":"hexo","hostname":"codecat","pid":5928,"level":20,"msg":"Plugin loaded: hexo-renderer-ejs","time":"2016-12-03T01:48:00.046Z","v":0}
{"name":"hexo","hostname":"codecat","pid":5928,"level":20,"msg":"Plugin loaded: hexo-renderer-marked","time":"2016-12-03T01:48:00.145Z","v":0}
{"name":"hexo","hostname":"codecat","pid":5928,"level":20,"msg":"Plugin loaded: hexo-server","time":"2016-12-03T01:48:01.279Z","v":0}
{"name":"hexo","hostname":"codecat","pid":5928,"level":20,"msg":"Plugin loaded: hexo-generator-sitemap","time":"2016-12-03T01:48:01.301Z","v":0}
{"name":"hexo","hostname":"codecat","pid":5928,"level":20,"msg":"Plugin loaded: hexo-generator-feed","time":"2016-12-03T01:48:01.341Z","v":0}
{"name":"hexo","hostname":"codecat","pid":5928,"level":20,"msg":"Loading database.","time":"2016-12-03T01:48:01.349Z","v":0}
{"name":"hexo","hostname":"codecat","pid":5928,"level":30,"msg":"Start processing","time":"2016-12-03T01:48:01.432Z","v":0}
{"name":"hexo","hostname":"codecat","pid":5928,"level":20,"msg":"Processed: _posts/hello-world.md","time":"2016-12-03T01:48:01.513Z","v":0}
{"name":"hexo","hostname":"codecat","pid":5928,"level":20,"msg":"Theme config loaded.","time":"2016-12-03T01:48:01.570Z","v":0}
{"name":"hexo","hostname":"codecat","pid":5928,"level":20,"msg":"Processed: _posts/css3-transition.md","time":"2016-12-03T01:48:01.571Z","v":0}
{"name":"hexo","hostname":"codecat","pid":5928,"level":20,"msg":"Processed: _posts/Curiosity-on-mars.md","time":"2016-12-03T01:48:01.571Z","v":0}
{"name":"hexo","hostname":"codecat","pid":5928,"level":20,"msg":"Processed: _posts/来点音乐，移动页面加入背景音乐按钮.md","time":"2016-12-03T01:48:01.571Z","v":0}
{"name":"hexo","hostname":"codecat","pid":5928,"level":20,"msg":"Processed: _config.yml","time":"2016-12-03T01:48:01.573Z","v":0}
{"name":"hexo","hostname":"codecat","pid":5928,"level":20,"msg":"Processed: source/css/duoshuo.css","time":"2016-12-03T01:48:01.586Z","v":0}
{"name":"hexo","hostname":"codecat","pid":5928,"level":20,"msg":"Processed: source/css/duoshuo.min.css","time":"2016-12-03T01:48:01.586Z","v":0}
{"name":"hexo","hostname":"codecat","pid":5928,"level":20,"msg":"Processed: source/css/gallery.min.css","time":"2016-12-03T01:48:01.587Z","v":0}
{"name":"hexo","hostname":"codecat","pid":5928,"level":20,"msg":"Processed: source/css/ie-blocker.css","time":"2016-12-03T01:48:01.587Z","v":0}
{"name":"hexo","hostname":"codecat","pid":5928,"level":20,"msg":"Processed: source/css/uc.css","time":"2016-12-03T01:48:01.587Z","v":0}
{"name":"hexo","hostname":"codecat","pid":5928,"level":20,"msg":"Processed: source/img/avatar.png","time":"2016-12-03T01:48:01.587Z","v":0}
{"name":"hexo","hostname":"codecat","pid":5928,"level":20,"msg":"Processed: source/img/bg.png","time":"2016-12-03T01:48:01.588Z","v":0}
{"name":"hexo","hostname":"codecat","pid":5928,"level":20,"msg":"Processed: source/img/favicon.png","time":"2016-12-03T01:48:01.588Z","v":0}
{"name":"hexo","hostname":"codecat","pid":5928,"level":20,"msg":"Processed: source/img/logo.png","time":"2016-12-03T01:48:01.589Z","v":0}
{"name":"hexo","hostname":"codecat","pid":5928,"level":20,"msg":"Processed: source/img/sidebar_header.png","time":"2016-12-03T01:48:01.589Z","v":0}
{"name":"hexo","hostname":"codecat","pid":5928,"level":20,"msg":"Processed: source/img/upyun_logo.png","time":"2016-12-03T01:48:01.590Z","v":0}
{"name":"hexo","hostname":"codecat","pid":5928,"level":20,"msg":"Processed: source/fonts/MaterialIcons-Regular.woff","time":"2016-12-03T01:48:01.590Z","v":0}
{"name":"hexo","hostname":"codecat","pid":5928,"level":20,"msg":"Processed: source/fonts/MaterialIcons-Regular.woff2","time":"2016-12-03T01:48:01.591Z","v":0}
{"name":"hexo","hostname":"codecat","pid":5928,"level":20,"msg":"Processed: source/js/highlight.min.js","time":"2016-12-03T01:48:01.592Z","v":0}
{"name":"hexo","hostname":"codecat","pid":5928,"level":20,"msg":"Processed: source/js/ie-blocker.en.js","time":"2016-12-03T01:48:01.592Z","v":0}
{"name":"hexo","hostname":"codecat","pid":5928,"level":20,"msg":"Processed: source/js/ie-blocker.zhCN.js","time":"2016-12-03T01:48:01.592Z","v":0}
{"name":"hexo","hostname":"codecat","pid":5928,"level":20,"msg":"Processed: source/js/nprogress.js","time":"2016-12-03T01:48:01.593Z","v":0}
{"name":"hexo","hostname":"codecat","pid":5928,"level":20,"msg":"Processed: source/js/smoothscroll.js","time":"2016-12-03T01:48:01.593Z","v":0}
{"name":"hexo","hostname":"codecat","pid":5928,"level":20,"msg":"Processed: source/css/material.min.css","time":"2016-12-03T01:48:02.095Z","v":0}
{"name":"hexo","hostname":"codecat","pid":5928,"level":20,"msg":"Processed: source/css/style.min.css","time":"2016-12-03T01:48:02.096Z","v":0}
{"name":"hexo","hostname":"codecat","pid":5928,"level":20,"msg":"Processed: source/css/style.css","time":"2016-12-03T01:48:02.096Z","v":0}
{"name":"hexo","hostname":"codecat","pid":5928,"level":20,"msg":"Processed: source/img/daily_pic.png","time":"2016-12-03T01:48:02.097Z","v":0}
{"name":"hexo","hostname":"codecat","pid":5928,"level":20,"msg":"Processed: source/fonts/FontAwesome.otf","time":"2016-12-03T01:48:02.097Z","v":0}
{"name":"hexo","hostname":"codecat","pid":5928,"level":20,"msg":"Processed: source/fonts/MaterialIcons-Regular.ttf","time":"2016-12-03T01:48:02.099Z","v":0}
{"name":"hexo","hostname":"codecat","pid":5928,"level":20,"msg":"Processed: source/fonts/fontawesome-webfont.eot","time":"2016-12-03T01:48:02.099Z","v":0}
{"name":"hexo","hostname":"codecat","pid":5928,"level":20,"msg":"Processed: source/fonts/fontawesome-webfont.woff","time":"2016-12-03T01:48:02.101Z","v":0}
{"name":"hexo","hostname":"codecat","pid":5928,"level":20,"msg":"Processed: source/fonts/fontawesome-webfont.woff2","time":"2016-12-03T01:48:02.103Z","v":0}
{"name":"hexo","hostname":"codecat","pid":5928,"level":20,"msg":"Processed: source/js/jquery.min.js","time":"2016-12-03T01:48:02.104Z","v":0}
{"name":"hexo","hostname":"codecat","pid":5928,"level":20,"msg":"Processed: source/js/js.min.js","time":"2016-12-03T01:48:02.104Z","v":0}
{"name":"hexo","hostname":"codecat","pid":5928,"level":20,"msg":"Processed: source/js/js.js","time":"2016-12-03T01:48:02.105Z","v":0}
{"name":"hexo","hostname":"codecat","pid":5928,"level":20,"msg":"Processed: layout/index.ejs","time":"2016-12-03T01:48:02.129Z","v":0}
{"name":"hexo","hostname":"codecat","pid":5928,"level":20,"msg":"Processed: layout/layout.ejs","time":"2016-12-03T01:48:02.129Z","v":0}
{"name":"hexo","hostname":"codecat","pid":5928,"level":20,"msg":"Processed: languages/en.yml","time":"2016-12-03T01:48:02.131Z","v":0}
{"name":"hexo","hostname":"codecat","pid":5928,"level":20,"msg":"Processed: languages/ar.yml","time":"2016-12-03T01:48:02.131Z","v":0}
{"name":"hexo","hostname":"codecat","pid":5928,"level":20,"msg":"Processed: languages/de.yml","time":"2016-12-03T01:48:02.131Z","v":0}
{"name":"hexo","hostname":"codecat","pid":5928,"level":20,"msg":"Processed: languages/es.yml","time":"2016-12-03T01:48:02.131Z","v":0}
{"name":"hexo","hostname":"codecat","pid":5928,"level":20,"msg":"Processed: languages/zh-TW.yml","time":"2016-12-03T01:48:02.131Z","v":0}
{"name":"hexo","hostname":"codecat","pid":5928,"level":20,"msg":"Processed: languages/fr.yml","time":"2016-12-03T01:48:02.131Z","v":0}
{"name":"hexo","hostname":"codecat","pid":5928,"level":20,"msg":"Processed: languages/ja.yml","time":"2016-12-03T01:48:02.131Z","v":0}
{"name":"hexo","hostname":"codecat","pid":5928,"level":20,"msg":"Processed: languages/zh-CN.yml","time":"2016-12-03T01:48:02.131Z","v":0}
{"name":"hexo","hostname":"codecat","pid":5928,"level":20,"msg":"Processed: source/css/highlight/agate.css","time":"2016-12-03T01:48:02.132Z","v":0}
{"name":"hexo","hostname":"codecat","pid":5928,"level":20,"msg":"Processed: source/css/highlight/arta.css","time":"2016-12-03T01:48:02.132Z","v":0}
{"name":"hexo","hostname":"codecat","pid":5928,"level":20,"msg":"Processed: source/css/highlight/arduino-light.css","time":"2016-12-03T01:48:02.132Z","v":0}
{"name":"hexo","hostname":"codecat","pid":5928,"level":20,"msg":"Processed: source/css/highlight/androidstudio.css","time":"2016-12-03T01:48:02.133Z","v":0}
{"name":"hexo","hostname":"codecat","pid":5928,"level":20,"msg":"Processed: source/css/highlight/ascetic.css","time":"2016-12-03T01:48:02.133Z","v":0}
{"name":"hexo","hostname":"codecat","pid":5928,"level":20,"msg":"Processed: source/css/highlight/atelier-cave-light.css","time":"2016-12-03T01:48:02.134Z","v":0}
{"name":"hexo","hostname":"codecat","pid":5928,"level":20,"msg":"Processed: source/css/highlight/atelier-cave-dark.css","time":"2016-12-03T01:48:02.134Z","v":0}
{"name":"hexo","hostname":"codecat","pid":5928,"level":20,"msg":"Processed: source/css/highlight/atelier-dune-dark.css","time":"2016-12-03T01:48:02.134Z","v":0}
{"name":"hexo","hostname":"codecat","pid":5928,"level":20,"msg":"Processed: source/css/highlight/atelier-estuary-dark.css","time":"2016-12-03T01:48:02.135Z","v":0}
{"name":"hexo","hostname":"codecat","pid":5928,"level":20,"msg":"Processed: source/css/highlight/atelier-dune-light.css","time":"2016-12-03T01:48:02.136Z","v":0}
{"name":"hexo","hostname":"codecat","pid":5928,"level":20,"msg":"Processed: source/css/highlight/atelier-estuary-light.css","time":"2016-12-03T01:48:02.136Z","v":0}
{"name":"hexo","hostname":"codecat","pid":5928,"level":20,"msg":"Processed: source/css/highlight/atelier-forest-light.css","time":"2016-12-03T01:48:02.137Z","v":0}
{"name":"hexo","hostname":"codecat","pid":5928,"level":20,"msg":"Processed: source/css/highlight/atelier-forest-dark.css","time":"2016-12-03T01:48:02.137Z","v":0}
{"name":"hexo","hostname":"codecat","pid":5928,"level":20,"msg":"Processed: source/css/highlight/atelier-heath-dark.css","time":"2016-12-03T01:48:02.138Z","v":0}
{"name":"hexo","hostname":"codecat","pid":5928,"level":20,"msg":"Processed: source/css/highlight/atelier-heath-light.css","time":"2016-12-03T01:48:02.138Z","v":0}
{"name":"hexo","hostname":"codecat","pid":5928,"level":20,"msg":"Processed: source/css/highlight/atelier-lakeside-dark.css","time":"2016-12-03T01:48:02.138Z","v":0}
{"name":"hexo","hostname":"codecat","pid":5928,"level":20,"msg":"Processed: source/css/highlight/atelier-lakeside-light.css","time":"2016-12-03T01:48:02.138Z","v":0}
{"name":"hexo","hostname":"codecat","pid":5928,"level":20,"msg":"Processed: source/css/highlight/atelier-plateau-dark.css","time":"2016-12-03T01:48:02.138Z","v":0}
{"name":"hexo","hostname":"codecat","pid":5928,"level":20,"msg":"Processed: source/css/highlight/atelier-plateau-light.css","time":"2016-12-03T01:48:02.139Z","v":0}
{"name":"hexo","hostname":"codecat","pid":5928,"level":20,"msg":"Processed: source/css/highlight/atelier-savanna-dark.css","time":"2016-12-03T01:48:02.139Z","v":0}
{"name":"hexo","hostname":"codecat","pid":5928,"level":20,"msg":"Processed: source/css/highlight/atelier-savanna-light.css","time":"2016-12-03T01:48:02.140Z","v":0}
{"name":"hexo","hostname":"codecat","pid":5928,"level":20,"msg":"Processed: source/css/highlight/atelier-seaside-dark.css","time":"2016-12-03T01:48:02.141Z","v":0}
{"name":"hexo","hostname":"codecat","pid":5928,"level":20,"msg":"Processed: source/css/highlight/atelier-seaside-light.css","time":"2016-12-03T01:48:02.141Z","v":0}
{"name":"hexo","hostname":"codecat","pid":5928,"level":20,"msg":"Processed: source/css/highlight/atelier-sulphurpool-dark.css","time":"2016-12-03T01:48:02.142Z","v":0}
{"name":"hexo","hostname":"codecat","pid":5928,"level":20,"msg":"Processed: source/css/highlight/atelier-sulphurpool-light.css","time":"2016-12-03T01:48:02.142Z","v":0}
{"name":"hexo","hostname":"codecat","pid":5928,"level":20,"msg":"Processed: source/css/highlight/atom-one-dark.css","time":"2016-12-03T01:48:02.143Z","v":0}
{"name":"hexo","hostname":"codecat","pid":5928,"level":20,"msg":"Processed: source/css/highlight/brown-paper.css","time":"2016-12-03T01:48:02.144Z","v":0}
{"name":"hexo","hostname":"codecat","pid":5928,"level":20,"msg":"Processed: source/css/highlight/atom-one-light.css","time":"2016-12-03T01:48:02.144Z","v":0}
{"name":"hexo","hostname":"codecat","pid":5928,"level":20,"msg":"Processed: source/css/highlight/codepen-embed.css","time":"2016-12-03T01:48:02.145Z","v":0}
{"name":"hexo","hostname":"codecat","pid":5928,"level":20,"msg":"Processed: source/css/highlight/color-brewer.css","time":"2016-12-03T01:48:02.145Z","v":0}
{"name":"hexo","hostname":"codecat","pid":5928,"level":20,"msg":"Processed: source/css/highlight/darcula.css","time":"2016-12-03T01:48:02.146Z","v":0}
{"name":"hexo","hostname":"codecat","pid":5928,"level":20,"msg":"Processed: source/css/highlight/dark.css","time":"2016-12-03T01:48:02.146Z","v":0}
{"name":"hexo","hostname":"codecat","pid":5928,"level":20,"msg":"Processed: source/css/highlight/darkula.css","time":"2016-12-03T01:48:02.147Z","v":0}
{"name":"hexo","hostname":"codecat","pid":5928,"level":20,"msg":"Processed: source/css/highlight/docco.css","time":"2016-12-03T01:48:02.147Z","v":0}
{"name":"hexo","hostname":"codecat","pid":5928,"level":20,"msg":"Processed: source/css/highlight/dracula.css","time":"2016-12-03T01:48:02.147Z","v":0}
{"name":"hexo","hostname":"codecat","pid":5928,"level":20,"msg":"Processed: source/css/highlight/far.css","time":"2016-12-03T01:48:02.149Z","v":0}
{"name":"hexo","hostname":"codecat","pid":5928,"level":20,"msg":"Processed: source/css/highlight/foundation.css","time":"2016-12-03T01:48:02.149Z","v":0}
{"name":"hexo","hostname":"codecat","pid":5928,"level":20,"msg":"Processed: source/css/highlight/github-gist.css","time":"2016-12-03T01:48:02.149Z","v":0}
{"name":"hexo","hostname":"codecat","pid":5928,"level":20,"msg":"Processed: source/css/highlight/github.css","time":"2016-12-03T01:48:02.149Z","v":0}
{"name":"hexo","hostname":"codecat","pid":5928,"level":20,"msg":"Processed: source/css/highlight/googlecode.css","time":"2016-12-03T01:48:02.150Z","v":0}
{"name":"hexo","hostname":"codecat","pid":5928,"level":20,"msg":"Processed: source/css/highlight/grayscale.css","time":"2016-12-03T01:48:02.150Z","v":0}
{"name":"hexo","hostname":"codecat","pid":5928,"level":20,"msg":"Processed: source/css/highlight/gruvbox-dark.css","time":"2016-12-03T01:48:02.150Z","v":0}
{"name":"hexo","hostname":"codecat","pid":5928,"level":20,"msg":"Processed: source/css/highlight/gruvbox-light.css","time":"2016-12-03T01:48:02.151Z","v":0}
{"name":"hexo","hostname":"codecat","pid":5928,"level":20,"msg":"Processed: source/css/highlight/hybrid.css","time":"2016-12-03T01:48:02.151Z","v":0}
{"name":"hexo","hostname":"codecat","pid":5928,"level":20,"msg":"Processed: source/css/highlight/hopscotch.css","time":"2016-12-03T01:48:02.151Z","v":0}
{"name":"hexo","hostname":"codecat","pid":5928,"level":20,"msg":"Processed: source/css/highlight/idea.css","time":"2016-12-03T01:48:02.151Z","v":0}
{"name":"hexo","hostname":"codecat","pid":5928,"level":20,"msg":"Processed: source/css/highlight/ir-black.css","time":"2016-12-03T01:48:02.151Z","v":0}
{"name":"hexo","hostname":"codecat","pid":5928,"level":20,"msg":"Processed: source/css/highlight/kimbie.dark.css","time":"2016-12-03T01:48:02.152Z","v":0}
{"name":"hexo","hostname":"codecat","pid":5928,"level":20,"msg":"Processed: source/css/highlight/kimbie.light.css","time":"2016-12-03T01:48:02.152Z","v":0}
{"name":"hexo","hostname":"codecat","pid":5928,"level":20,"msg":"Processed: source/css/highlight/monokai-sublime.css","time":"2016-12-03T01:48:02.152Z","v":0}
{"name":"hexo","hostname":"codecat","pid":5928,"level":20,"msg":"Processed: source/css/highlight/magula.css","time":"2016-12-03T01:48:02.152Z","v":0}
{"name":"hexo","hostname":"codecat","pid":5928,"level":20,"msg":"Processed: source/css/highlight/monokai.css","time":"2016-12-03T01:48:02.152Z","v":0}
{"name":"hexo","hostname":"codecat","pid":5928,"level":20,"msg":"Processed: source/css/highlight/mono-blue.css","time":"2016-12-03T01:48:02.152Z","v":0}
{"name":"hexo","hostname":"codecat","pid":5928,"level":20,"msg":"Processed: source/css/highlight/obsidian.css","time":"2016-12-03T01:48:02.153Z","v":0}
{"name":"hexo","hostname":"codecat","pid":5928,"level":20,"msg":"Processed: source/css/highlight/paraiso-dark.css","time":"2016-12-03T01:48:02.153Z","v":0}
{"name":"hexo","hostname":"codecat","pid":5928,"level":20,"msg":"Processed: source/css/highlight/ocean.css","time":"2016-12-03T01:48:02.153Z","v":0}
{"name":"hexo","hostname":"codecat","pid":5928,"level":20,"msg":"Processed: source/css/highlight/paraiso-light.css","time":"2016-12-03T01:48:02.153Z","v":0}
{"name":"hexo","hostname":"codecat","pid":5928,"level":20,"msg":"Processed: source/css/highlight/pojoaque.css","time":"2016-12-03T01:48:02.154Z","v":0}
{"name":"hexo","hostname":"codecat","pid":5928,"level":20,"msg":"Processed: source/css/highlight/purebasic.css","time":"2016-12-03T01:48:02.154Z","v":0}
{"name":"hexo","hostname":"codecat","pid":5928,"level":20,"msg":"Processed: source/css/highlight/qtcreator_dark.css","time":"2016-12-03T01:48:02.154Z","v":0}
{"name":"hexo","hostname":"codecat","pid":5928,"level":20,"msg":"Processed: source/css/highlight/railscasts.css","time":"2016-12-03T01:48:02.154Z","v":0}
{"name":"hexo","hostname":"codecat","pid":5928,"level":20,"msg":"Processed: source/css/highlight/qtcreator_light.css","time":"2016-12-03T01:48:02.154Z","v":0}
{"name":"hexo","hostname":"codecat","pid":5928,"level":20,"msg":"Processed: source/css/highlight/rainbow.css","time":"2016-12-03T01:48:02.154Z","v":0}
{"name":"hexo","hostname":"codecat","pid":5928,"level":20,"msg":"Processed: source/css/highlight/solarized-dark.css","time":"2016-12-03T01:48:02.155Z","v":0}
{"name":"hexo","hostname":"codecat","pid":5928,"level":20,"msg":"Processed: source/css/highlight/school-book.css","time":"2016-12-03T01:48:02.155Z","v":0}
{"name":"hexo","hostname":"codecat","pid":5928,"level":20,"msg":"Processed: source/css/highlight/solarized-light.css","time":"2016-12-03T01:48:02.155Z","v":0}
{"name":"hexo","hostname":"codecat","pid":5928,"level":20,"msg":"Processed: source/css/highlight/solarized-white.css","time":"2016-12-03T01:48:02.155Z","v":0}
{"name":"hexo","hostname":"codecat","pid":5928,"level":20,"msg":"Processed: source/css/highlight/sunburst.css","time":"2016-12-03T01:48:02.155Z","v":0}
{"name":"hexo","hostname":"codecat","pid":5928,"level":20,"msg":"Processed: source/css/highlight/tomorrow-night-blue.css","time":"2016-12-03T01:48:02.156Z","v":0}
{"name":"hexo","hostname":"codecat","pid":5928,"level":20,"msg":"Processed: source/css/highlight/tomorrow-night-bright.css","time":"2016-12-03T01:48:02.156Z","v":0}
{"name":"hexo","hostname":"codecat","pid":5928,"level":20,"msg":"Processed: source/css/highlight/tomorrow-night-eighties.css","time":"2016-12-03T01:48:02.156Z","v":0}
{"name":"hexo","hostname":"codecat","pid":5928,"level":20,"msg":"Processed: source/css/highlight/tomorrow.css","time":"2016-12-03T01:48:02.157Z","v":0}
{"name":"hexo","hostname":"codecat","pid":5928,"level":20,"msg":"Processed: source/css/highlight/tomorrow-night.css","time":"2016-12-03T01:48:02.157Z","v":0}
{"name":"hexo","hostname":"codecat","pid":5928,"level":20,"msg":"Processed: source/css/highlight/xcode.css","time":"2016-12-03T01:48:02.158Z","v":0}
{"name":"hexo","hostname":"codecat","pid":5928,"level":20,"msg":"Processed: source/css/highlight/vs.css","time":"2016-12-03T01:48:02.158Z","v":0}
{"name":"hexo","hostname":"codecat","pid":5928,"level":20,"msg":"Processed: source/css/highlight/xt256.css","time":"2016-12-03T01:48:02.159Z","v":0}
{"name":"hexo","hostname":"codecat","pid":5928,"level":20,"msg":"Processed: source/css/highlight/zenburn.css","time":"2016-12-03T01:48:02.160Z","v":0}
{"name":"hexo","hostname":"codecat","pid":5928,"level":20,"msg":"Processed: source/css/material.css","time":"2016-12-03T01:48:02.161Z","v":0}
{"name":"hexo","hostname":"codecat","pid":5928,"level":20,"msg":"Processed: source/img/footer/footer_ico-facebook.png","time":"2016-12-03T01:48:02.161Z","v":0}
{"name":"hexo","hostname":"codecat","pid":5928,"level":20,"msg":"Processed: source/img/footer/footer_ico-gplus.png","time":"2016-12-03T01:48:02.161Z","v":0}
{"name":"hexo","hostname":"codecat","pid":5928,"level":20,"msg":"Processed: source/img/footer/footer_ico-github.png","time":"2016-12-03T01:48:02.161Z","v":0}
{"name":"hexo","hostname":"codecat","pid":5928,"level":20,"msg":"Processed: source/img/footer/footer_ico-twitter.png","time":"2016-12-03T01:48:02.161Z","v":0}
{"name":"hexo","hostname":"codecat","pid":5928,"level":20,"msg":"Processed: source/img/footer/footer_ico-tumblr.png","time":"2016-12-03T01:48:02.162Z","v":0}
{"name":"hexo","hostname":"codecat","pid":5928,"level":20,"msg":"Processed: source/img/footer/footer_ico-instagram.png","time":"2016-12-03T01:48:02.162Z","v":0}
{"name":"hexo","hostname":"codecat","pid":5928,"level":20,"msg":"Processed: source/img/footer/footer_ico-weibo.png","time":"2016-12-03T01:48:02.162Z","v":0}
{"name":"hexo","hostname":"codecat","pid":5928,"level":20,"msg":"Processed: source/img/gallery/arrow.svg","time":"2016-12-03T01:48:02.162Z","v":0}
{"name":"hexo","hostname":"codecat","pid":5928,"level":20,"msg":"Processed: source/img/gallery/close.svg","time":"2016-12-03T01:48:02.162Z","v":0}
{"name":"hexo","hostname":"codecat","pid":5928,"level":20,"msg":"Processed: source/img/gallery/spinner.svg","time":"2016-12-03T01:48:02.163Z","v":0}
{"name":"hexo","hostname":"codecat","pid":5928,"level":20,"msg":"Processed: source/img/random/3.png","time":"2016-12-03T01:48:02.163Z","v":0}
{"name":"hexo","hostname":"codecat","pid":5928,"level":20,"msg":"Processed: source/img/random/2.png","time":"2016-12-03T01:48:02.163Z","v":0}
{"name":"hexo","hostname":"codecat","pid":5928,"level":20,"msg":"Processed: source/img/random/1.png","time":"2016-12-03T01:48:02.163Z","v":0}
{"name":"hexo","hostname":"codecat","pid":5928,"level":20,"msg":"Processed: source/img/random/5.png","time":"2016-12-03T01:48:02.163Z","v":0}
{"name":"hexo","hostname":"codecat","pid":5928,"level":20,"msg":"Processed: source/img/random/4.png","time":"2016-12-03T01:48:02.163Z","v":0}
{"name":"hexo","hostname":"codecat","pid":5928,"level":20,"msg":"Processed: source/fonts/MaterialIcons-Regular.eot","time":"2016-12-03T01:48:02.164Z","v":0}
{"name":"hexo","hostname":"codecat","pid":5928,"level":20,"msg":"Processed: source/fonts/fontawesome-webfont.ttf","time":"2016-12-03T01:48:02.164Z","v":0}
{"name":"hexo","hostname":"codecat","pid":5928,"level":20,"msg":"Processed: source/js/gallery/jquery.poptrox.min.js","time":"2016-12-03T01:48:02.164Z","v":0}
{"name":"hexo","hostname":"codecat","pid":5928,"level":20,"msg":"Processed: source/js/gallery/main.min.js","time":"2016-12-03T01:48:02.164Z","v":0}
{"name":"hexo","hostname":"codecat","pid":5928,"level":20,"msg":"Processed: source/js/gallery/util.min.js","time":"2016-12-03T01:48:02.165Z","v":0}
{"name":"hexo","hostname":"codecat","pid":5928,"level":20,"msg":"Processed: source/js/gallery/skel.min.js","time":"2016-12-03T01:48:02.165Z","v":0}
{"name":"hexo","hostname":"codecat","pid":5928,"level":20,"msg":"Processed: layout/post.ejs","time":"2016-12-03T01:48:02.169Z","v":0}
{"name":"hexo","hostname":"codecat","pid":5928,"level":20,"msg":"Processed: layout/_partial/Isolation-post-info.ejs","time":"2016-12-03T01:48:02.169Z","v":0}
{"name":"hexo","hostname":"codecat","pid":5928,"level":20,"msg":"Processed: layout/_widget/disqus.ejs","time":"2016-12-03T01:48:02.188Z","v":0}
{"name":"hexo","hostname":"codecat","pid":5928,"level":20,"msg":"Processed: layout/_widget/duoshuo.ejs","time":"2016-12-03T01:48:02.188Z","v":0}
{"name":"hexo","hostname":"codecat","pid":5928,"level":20,"msg":"Processed: layout/_widget/leancloud-like.ejs","time":"2016-12-03T01:48:02.188Z","v":0}
{"name":"hexo","hostname":"codecat","pid":5928,"level":20,"msg":"Processed: layout/_widget/leancloud-views.ejs","time":"2016-12-03T01:48:02.188Z","v":0}
{"name":"hexo","hostname":"codecat","pid":5928,"level":20,"msg":"Processed: layout/_widget/page-gallery.ejs","time":"2016-12-03T01:48:02.188Z","v":0}
{"name":"hexo","hostname":"codecat","pid":5928,"level":20,"msg":"Processed: layout/_widget/leancloud-views_num.ejs","time":"2016-12-03T01:48:02.188Z","v":0}
{"name":"hexo","hostname":"codecat","pid":5928,"level":20,"msg":"Processed: layout/_widget/page-links.ejs","time":"2016-12-03T01:48:02.188Z","v":0}
{"name":"hexo","hostname":"codecat","pid":5928,"level":20,"msg":"Processed: layout/_widget/page-tagcloud.ejs","time":"2016-12-03T01:48:02.188Z","v":0}
{"name":"hexo","hostname":"codecat","pid":5928,"level":20,"msg":"Processed: layout/_widget/mathjax.ejs","time":"2016-12-03T01:48:02.188Z","v":0}
{"name":"hexo","hostname":"codecat","pid":5928,"level":20,"msg":"Processed: layout/_partial/Isolation-post_entry.ejs","time":"2016-12-03T01:48:02.188Z","v":0}
{"name":"hexo","hostname":"codecat","pid":5928,"level":20,"msg":"Processed: layout/_partial/Paradox-post-info.ejs","time":"2016-12-03T01:48:02.188Z","v":0}
{"name":"hexo","hostname":"codecat","pid":5928,"level":20,"msg":"Processed: layout/_widget/search-local-js.ejs","time":"2016-12-03T01:48:02.188Z","v":0}
{"name":"hexo","hostname":"codecat","pid":5928,"level":20,"msg":"Processed: layout/_widget/search-swiftype-js.ejs","time":"2016-12-03T01:48:02.188Z","v":0}
{"name":"hexo","hostname":"codecat","pid":5928,"level":20,"msg":"Processed: layout/_partial/Paradox-post_entry-thumbnail.ejs","time":"2016-12-03T01:48:02.188Z","v":0}
{"name":"hexo","hostname":"codecat","pid":5928,"level":20,"msg":"Processed: layout/_partial/Paradox-post-thumbnail.ejs","time":"2016-12-03T01:48:02.188Z","v":0}
{"name":"hexo","hostname":"codecat","pid":5928,"level":20,"msg":"Processed: layout/_partial/Paradox-search.ejs","time":"2016-12-03T01:48:02.188Z","v":0}
{"name":"hexo","hostname":"codecat","pid":5928,"level":20,"msg":"Processed: layout/_partial/Paradox-post_entry.ejs","time":"2016-12-03T01:48:02.188Z","v":0}
{"name":"hexo","hostname":"codecat","pid":5928,"level":20,"msg":"Processed: layout/_partial/comment.ejs","time":"2016-12-03T01:48:02.188Z","v":0}
{"name":"hexo","hostname":"codecat","pid":5928,"level":20,"msg":"Processed: layout/_partial/blog_info.ejs","time":"2016-12-03T01:48:02.188Z","v":0}
{"name":"hexo","hostname":"codecat","pid":5928,"level":20,"msg":"Processed: layout/_partial/config_css.ejs","time":"2016-12-03T01:48:02.188Z","v":0}
{"name":"hexo","hostname":"codecat","pid":5928,"level":20,"msg":"Processed: layout/_partial/daily_pic.ejs","time":"2016-12-03T01:48:02.188Z","v":0}
{"name":"hexo","hostname":"codecat","pid":5928,"level":20,"msg":"Processed: layout/_partial/footer-left.ejs","time":"2016-12-03T01:48:02.188Z","v":0}
{"name":"hexo","hostname":"codecat","pid":5928,"level":20,"msg":"Processed: layout/_partial/footer-option.ejs","time":"2016-12-03T01:48:02.188Z","v":0}
{"name":"hexo","hostname":"codecat","pid":5928,"level":20,"msg":"Processed: layout/_partial/footer.ejs","time":"2016-12-03T01:48:02.188Z","v":0}
{"name":"hexo","hostname":"codecat","pid":5928,"level":20,"msg":"Processed: layout/_partial/import_js.ejs","time":"2016-12-03T01:48:02.188Z","v":0}
{"name":"hexo","hostname":"codecat","pid":5928,"level":20,"msg":"Processed: layout/_partial/head.ejs","time":"2016-12-03T01:48:02.189Z","v":0}
{"name":"hexo","hostname":"codecat","pid":5928,"level":20,"msg":"Processed: layout/_partial/footer_top.ejs","time":"2016-12-03T01:48:02.189Z","v":0}
{"name":"hexo","hostname":"codecat","pid":5928,"level":20,"msg":"Processed: layout/_partial/isolate-sns_list.ejs","time":"2016-12-03T01:48:02.189Z","v":0}
{"name":"hexo","hostname":"codecat","pid":5928,"level":20,"msg":"Processed: layout/_partial/isolate_info.ejs","time":"2016-12-03T01:48:02.189Z","v":0}
{"name":"hexo","hostname":"codecat","pid":5928,"level":20,"msg":"Processed: layout/_partial/nprogress.ejs","time":"2016-12-03T01:48:02.189Z","v":0}
{"name":"hexo","hostname":"codecat","pid":5928,"level":20,"msg":"Processed: layout/_partial/post-content.ejs","time":"2016-12-03T01:48:02.189Z","v":0}
{"name":"hexo","hostname":"codecat","pid":5928,"level":20,"msg":"Processed: layout/_partial/post-info-share.ejs","time":"2016-12-03T01:48:02.189Z","v":0}
{"name":"hexo","hostname":"codecat","pid":5928,"level":20,"msg":"Processed: layout/_partial/post-nav.ejs","time":"2016-12-03T01:48:02.189Z","v":0}
{"name":"hexo","hostname":"codecat","pid":5928,"level":20,"msg":"Processed: layout/_partial/post-header.ejs","time":"2016-12-03T01:48:02.189Z","v":0}
{"name":"hexo","hostname":"codecat","pid":5928,"level":20,"msg":"Processed: layout/_partial/sidebar-header.ejs","time":"2016-12-03T01:48:02.189Z","v":0}
{"name":"hexo","hostname":"codecat","pid":5928,"level":20,"msg":"Processed: layout/_partial/sidebar-navigation.ejs","time":"2016-12-03T01:48:02.189Z","v":0}
{"name":"hexo","hostname":"codecat","pid":5928,"level":20,"msg":"Processed: layout/_partial/sidebar-footer.ejs","time":"2016-12-03T01:48:02.189Z","v":0}
{"name":"hexo","hostname":"codecat","pid":5928,"level":20,"msg":"Processed: layout/_partial/sidebar-sponsor.ejs","time":"2016-12-03T01:48:02.189Z","v":0}
{"name":"hexo","hostname":"codecat","pid":5928,"level":20,"msg":"Processed: layout/_partial/sidebar.ejs","time":"2016-12-03T01:48:02.189Z","v":0}
{"name":"hexo","hostname":"codecat","pid":5928,"level":20,"msg":"Processed: layout/_partial/toc_button.ejs","time":"2016-12-03T01:48:02.189Z","v":0}
{"name":"hexo","hostname":"codecat","pid":5928,"level":20,"msg":"Processed: source/fonts/fontawesome-webfont.svg","time":"2016-12-03T01:48:02.192Z","v":0}
{"name":"hexo","hostname":"codecat","pid":5928,"level":20,"msg":"Processed: source/fonts/Roboto-Black.ttf","time":"2016-12-03T01:48:02.194Z","v":0}
{"name":"hexo","hostname":"codecat","pid":5928,"level":20,"msg":"Processed: source/fonts/Roboto-Bold.ttf","time":"2016-12-03T01:48:02.194Z","v":0}
{"name":"hexo","hostname":"codecat","pid":5928,"level":20,"msg":"Processed: source/fonts/Roboto-Light.ttf","time":"2016-12-03T01:48:02.194Z","v":0}
{"name":"hexo","hostname":"codecat","pid":5928,"level":20,"msg":"Processed: source/fonts/Roboto-Medium.ttf","time":"2016-12-03T01:48:02.194Z","v":0}
{"name":"hexo","hostname":"codecat","pid":5928,"level":20,"msg":"Processed: source/fonts/Roboto-Regular.ttf","time":"2016-12-03T01:48:02.195Z","v":0}
{"name":"hexo","hostname":"codecat","pid":5928,"level":20,"msg":"Processed: source/fonts/Roboto-Thin.ttf","time":"2016-12-03T01:48:02.195Z","v":0}
{"name":"hexo","hostname":"codecat","pid":5928,"level":20,"msg":"Generator: page","time":"2016-12-03T01:48:02.368Z","v":0}
{"name":"hexo","hostname":"codecat","pid":5928,"level":20,"msg":"Generator: post","time":"2016-12-03T01:48:02.368Z","v":0}
{"name":"hexo","hostname":"codecat","pid":5928,"level":20,"msg":"Generator: archive","time":"2016-12-03T01:48:02.368Z","v":0}
{"name":"hexo","hostname":"codecat","pid":5928,"level":20,"msg":"Generator: index","time":"2016-12-03T01:48:02.368Z","v":0}
{"name":"hexo","hostname":"codecat","pid":5928,"level":20,"msg":"Generator: category","time":"2016-12-03T01:48:02.368Z","v":0}
{"name":"hexo","hostname":"codecat","pid":5928,"level":20,"msg":"Generator: tag","time":"2016-12-03T01:48:02.368Z","v":0}
{"name":"hexo","hostname":"codecat","pid":5928,"level":20,"msg":"Generator: sitemap","time":"2016-12-03T01:48:02.368Z","v":0}
{"name":"hexo","hostname":"codecat","pid":5928,"level":20,"msg":"Generator: feed","time":"2016-12-03T01:48:02.368Z","v":0}
{"name":"hexo","hostname":"codecat","pid":5928,"level":20,"msg":"Generator: asset","time":"2016-12-03T01:48:02.371Z","v":0}
{"name":"hexo","hostname":"codecat","pid":5928,"level":30,"msg":"Hexo is running at http://localhost:4000/. Press Ctrl+C to stop.","time":"2016-12-03T01:48:02.377Z","v":0}
{"name":"hexo","hostname":"codecat","pid":5928,"level":20,"msg":"Database saved","time":"2016-12-03T01:48:02.398Z","v":0}
{"name":"hexo","hostname":"codecat","pid":5928,"level":20,"msg":"Rendering index: index.html","time":"2016-12-03T01:48:13.071Z","v":0}
{"name":"hexo","hostname":"codecat","pid":5928,"level":20,"msg":"Rendering index: index.html","time":"2016-12-03T01:55:06.926Z","v":0}
